[2023-08-17 16:33:59,605] {taskinstance.py:1179} INFO - Dependencies all met for <TaskInstance: dag_etl.dim_gender manual__2023-08-17T16:33:52.832316+00:00 [queued]>
[2023-08-17 16:33:59,617] {taskinstance.py:1179} INFO - Dependencies all met for <TaskInstance: dag_etl.dim_gender manual__2023-08-17T16:33:52.832316+00:00 [queued]>
[2023-08-17 16:33:59,617] {taskinstance.py:1376} INFO - 
--------------------------------------------------------------------------------
[2023-08-17 16:33:59,618] {taskinstance.py:1377} INFO - Starting attempt 1 of 6
[2023-08-17 16:33:59,618] {taskinstance.py:1378} INFO - 
--------------------------------------------------------------------------------
[2023-08-17 16:33:59,630] {taskinstance.py:1397} INFO - Executing <Task(_PythonDecoratedOperator): dim_gender> on 2023-08-17 16:33:52.832316+00:00
[2023-08-17 16:33:59,635] {standard_task_runner.py:52} INFO - Started process 1677 to run task
[2023-08-17 16:33:59,641] {standard_task_runner.py:79} INFO - Running: ['***', 'tasks', 'run', 'dag_etl', 'dim_gender', 'manual__2023-08-17T16:33:52.832316+00:00', '--job-id', '26', '--raw', '--subdir', 'DAGS_FOLDER/dag_etl_taskflow.py', '--cfg-path', '/tmp/tmplczrr2vi', '--error-file', '/tmp/tmpimr9ikl_']
[2023-08-17 16:33:59,643] {standard_task_runner.py:80} INFO - Job 26: Subtask dim_gender
[2023-08-17 16:33:59,734] {task_command.py:371} INFO - Running <TaskInstance: dag_etl.dim_gender manual__2023-08-17T16:33:52.832316+00:00 [running]> on host 1ea22a5e1d7f
[2023-08-17 16:33:59,879] {taskinstance.py:1591} INFO - Exporting the following env vars:
AIRFLOW_CTX_DAG_OWNER=Victor
AIRFLOW_CTX_DAG_ID=dag_etl
AIRFLOW_CTX_TASK_ID=dim_gender
AIRFLOW_CTX_EXECUTION_DATE=2023-08-17T16:33:52.832316+00:00
AIRFLOW_CTX_TRY_NUMBER=1
AIRFLOW_CTX_DAG_RUN_ID=manual__2023-08-17T16:33:52.832316+00:00
[2023-08-17 16:33:59,914] {base.py:68} INFO - Using connection ID '***_conn' for task execution.
[2023-08-17 16:33:59,958] {taskinstance.py:1909} ERROR - Task failed with exception
Traceback (most recent call last):
  File "/home/airflow/.local/lib/python3.7/site-packages/sqlalchemy/engine/base.py", line 1803, in _execute_context
    cursor, statement, parameters, context
  File "/home/airflow/.local/lib/python3.7/site-packages/sqlalchemy/engine/default.py", line 719, in do_execute
    cursor.execute(statement, parameters)
psycopg2.errors.InvalidSchemaName: schema "'nds'" does not exist
LINE 2: CREATE TABLE "'nds'".dim_gender (
                     ^


The above exception was the direct cause of the following exception:

Traceback (most recent call last):
  File "/home/airflow/.local/lib/python3.7/site-packages/airflow/decorators/base.py", line 179, in execute
    return_value = super().execute(context)
  File "/home/airflow/.local/lib/python3.7/site-packages/airflow/operators/python.py", line 171, in execute
    return_value = self.execute_callable()
  File "/home/airflow/.local/lib/python3.7/site-packages/airflow/operators/python.py", line 189, in execute_callable
    return self.python_callable(*self.op_args, **self.op_kwargs)
  File "/opt/airflow/dags/dag_etl_taskflow.py", line 250, in dim_gender
    gender_df.to_sql('dim_gender', hook.get_sqlalchemy_engine(), schema=nds_layer, if_exists='replace')
  File "/home/airflow/.local/lib/python3.7/site-packages/pandas/core/generic.py", line 2882, in to_sql
    method=method,
  File "/home/airflow/.local/lib/python3.7/site-packages/pandas/io/sql.py", line 728, in to_sql
    **engine_kwargs,
  File "/home/airflow/.local/lib/python3.7/site-packages/pandas/io/sql.py", line 1758, in to_sql
    dtype=dtype,
  File "/home/airflow/.local/lib/python3.7/site-packages/pandas/io/sql.py", line 1650, in prep_table
    table.create()
  File "/home/airflow/.local/lib/python3.7/site-packages/pandas/io/sql.py", line 867, in create
    self._execute_create()
  File "/home/airflow/.local/lib/python3.7/site-packages/pandas/io/sql.py", line 853, in _execute_create
    self.table.create()
  File "/home/airflow/.local/lib/python3.7/site-packages/sqlalchemy/sql/schema.py", line 950, in create
    bind._run_ddl_visitor(ddl.SchemaGenerator, self, checkfirst=checkfirst)
  File "/home/airflow/.local/lib/python3.7/site-packages/sqlalchemy/engine/base.py", line 3110, in _run_ddl_visitor
    conn._run_ddl_visitor(visitorcallable, element, **kwargs)
  File "/home/airflow/.local/lib/python3.7/site-packages/sqlalchemy/engine/base.py", line 2113, in _run_ddl_visitor
    visitorcallable(self.dialect, self, **kwargs).traverse_single(element)
  File "/home/airflow/.local/lib/python3.7/site-packages/sqlalchemy/sql/visitors.py", line 524, in traverse_single
    return meth(obj, **kw)
  File "/home/airflow/.local/lib/python3.7/site-packages/sqlalchemy/sql/ddl.py", line 895, in visit_table
    include_foreign_key_constraints,  # noqa
  File "/home/airflow/.local/lib/python3.7/site-packages/sqlalchemy/engine/base.py", line 1289, in execute
    return meth(self, multiparams, params, _EMPTY_EXECUTION_OPTS)
  File "/home/airflow/.local/lib/python3.7/site-packages/sqlalchemy/sql/ddl.py", line 78, in _execute_on_connection
    self, multiparams, params, execution_options
  File "/home/airflow/.local/lib/python3.7/site-packages/sqlalchemy/engine/base.py", line 1387, in _execute_ddl
    compiled,
  File "/home/airflow/.local/lib/python3.7/site-packages/sqlalchemy/engine/base.py", line 1846, in _execute_context
    e, statement, parameters, cursor, context
  File "/home/airflow/.local/lib/python3.7/site-packages/sqlalchemy/engine/base.py", line 2027, in _handle_dbapi_exception
    sqlalchemy_exception, with_traceback=exc_info[2], from_=e
  File "/home/airflow/.local/lib/python3.7/site-packages/sqlalchemy/util/compat.py", line 207, in raise_
    raise exception
  File "/home/airflow/.local/lib/python3.7/site-packages/sqlalchemy/engine/base.py", line 1803, in _execute_context
    cursor, statement, parameters, context
  File "/home/airflow/.local/lib/python3.7/site-packages/sqlalchemy/engine/default.py", line 719, in do_execute
    cursor.execute(statement, parameters)
sqlalchemy.exc.ProgrammingError: (psycopg2.errors.InvalidSchemaName) schema "'nds'" does not exist
LINE 2: CREATE TABLE "'nds'".dim_gender (
                     ^

[SQL: 
CREATE TABLE "'nds'".dim_gender (
	index BIGINT, 
	gender TEXT
)

]
(Background on this error at: https://sqlalche.me/e/14/f405)
[2023-08-17 16:33:59,976] {taskinstance.py:1420} INFO - Marking task as UP_FOR_RETRY. dag_id=dag_etl, task_id=dim_gender, execution_date=20230817T163352, start_date=20230817T163359, end_date=20230817T163359
[2023-08-17 16:33:59,989] {standard_task_runner.py:97} ERROR - Failed to execute job 26 for task dim_gender ((psycopg2.errors.InvalidSchemaName) schema "'nds'" does not exist
LINE 2: CREATE TABLE "'nds'".dim_gender (
                     ^

[SQL: 
CREATE TABLE "'nds'".dim_gender (
	index BIGINT, 
	gender TEXT
)

]
(Background on this error at: https://sqlalche.me/e/14/f405); 1677)
[2023-08-17 16:34:00,014] {local_task_job.py:156} INFO - Task exited with return code 1
[2023-08-17 16:34:00,074] {local_task_job.py:273} INFO - 0 downstream tasks scheduled from follow-on schedule check
